<?xml version="1.0" encoding="UTF-8"?>
<testng-results ignored="0" total="1" passed="1" failed="0" skipped="0">
  <reporter-output>
  </reporter-output>
  <suite started-at="2023-10-20T10:35:43Z" name="Default suite" finished-at="2023-10-20T10:35:48Z" duration-ms="4956">
    <groups>
    </groups>
    <test started-at="2023-10-20T10:35:43Z" name="Default test" finished-at="2023-10-20T10:35:48Z" duration-ms="4956">
      <class name="com.Assignment.UITableAssertionTest">
        <test-method is-config="true" signature="setUp()[pri:0, instance:com.Assignment.UITableAssertionTest@7d898981]" started-at="2023-10-20T10:35:43Z" name="setUp" finished-at="2023-10-20T10:35:47Z" duration-ms="4379" status="PASS">
          <reporter-output>
          </reporter-output>
        </test-method> <!-- setUp -->
        <test-method signature="assertUITableData()[pri:0, instance:com.Assignment.UITableAssertionTest@7d898981]" started-at="2023-10-20T10:35:47Z" name="assertUITableData" finished-at="2023-10-20T10:35:47Z" duration-ms="308" status="PASS">
          <reporter-output>
          </reporter-output>
        </test-method> <!-- assertUITableData -->
        <test-method is-config="true" signature="tearDown()[pri:0, instance:com.Assignment.UITableAssertionTest@7d898981]" started-at="2023-10-20T10:35:47Z" name="tearDown" finished-at="2023-10-20T10:35:48Z" duration-ms="242" status="PASS">
          <reporter-output>
          </reporter-output>
        </test-method> <!-- tearDown -->
      </class> <!-- com.Assignment.UITableAssertionTest -->
    </test> <!-- Default test -->
  </suite> <!-- Default suite -->
</testng-results>
